<?xml version="1.0" encoding="UTF-8"?>
<!-- Generated by org.testng.reporters.JUnitReportReporter -->
<testsuite hostname="192.168.1.102" failures="0" tests="1" name="com.openorangehrm.MyInfoTest1" time="87.619" errors="0" timestamp="2024-01-28T19:27:33 GMT" skipped="0">
  <testcase classname="com.openorangehrm.MyInfoTest1" name="verifyValidLoginDetails" time="87.619"/>
  <system-out/>
</testsuite> <!-- com.openorangehrm.MyInfoTest1 -->
