<?xml version="1.0" encoding="UTF-8"?>
<!-- Generated by org.testng.reporters.JUnitReportReporter -->
<testsuite hostname="192.168.1.100" failures="0" tests="1" name="com.openorangehrm.PIMTest" time="107.552" errors="0" timestamp="2024-02-11T10:59:26 GMT" skipped="0">
  <testcase classname="com.openorangehrm.PIMTest" name="SearchScheduledLeave" time="107.552"/>
  <system-out/>
</testsuite> <!-- com.openorangehrm.PIMTest -->
