<?xml version="1.0" encoding="UTF-8"?>
<!-- Generated by org.testng.reporters.JUnitReportReporter -->
<testsuite hostname="192.168.1.100" failures="0" tests="1" name="com.openorangehrm.LeaveTest" time="113.967" errors="0" timestamp="2024-02-10T11:10:41 GMT" skipped="0">
  <testcase classname="com.openorangehrm.LeaveTest" name="SearchScheduledLeave" time="113.967"/>
  <system-out/>
</testsuite> <!-- com.openorangehrm.LeaveTest -->
